2023-03-23 15:17:04,163 INFO com.tcl.emp.TclSpringAppApplication [restartedMain] Starting TclSpringAppApplication using Java 17.0.4 with PID 7216 (D:\Spring\Tcl-Spring-app\target\classes started by Dell in D:\Spring\Tcl-Spring-app)
2023-03-23 15:17:04,167 INFO com.tcl.emp.TclSpringAppApplication [restartedMain] No active profile set, falling back to 1 default profile: "default"
2023-03-23 15:17:04,235 INFO org.springframework.boot.devtools.env.DevToolsPropertyDefaultsPostProcessor [restartedMain] Devtools property defaults active! Set 'spring.devtools.add-properties' to 'false' to disable
2023-03-23 15:17:04,235 INFO org.springframework.boot.devtools.env.DevToolsPropertyDefaultsPostProcessor [restartedMain] For additional web related logging consider setting the 'logging.level.web' property to 'DEBUG'
2023-03-23 15:17:05,092 INFO org.springframework.data.repository.config.RepositoryConfigurationDelegate [restartedMain] Bootstrapping Spring Data JPA repositories in DEFAULT mode.
2023-03-23 15:17:05,185 INFO org.springframework.data.repository.config.RepositoryConfigurationDelegate [restartedMain] Finished Spring Data repository scanning in 81 ms. Found 4 JPA repository interfaces.
2023-03-23 15:17:05,851 INFO org.springframework.boot.web.embedded.tomcat.TomcatWebServer [restartedMain] Tomcat initialized with port(s): 8080 (http)
2023-03-23 15:17:05,863 INFO org.apache.catalina.core.StandardService [restartedMain] Starting service [Tomcat]
2023-03-23 15:17:05,863 INFO org.apache.catalina.core.StandardEngine [restartedMain] Starting Servlet engine: [Apache Tomcat/10.1.1]
2023-03-23 15:17:05,936 INFO org.apache.catalina.core.ContainerBase.[Tomcat].[localhost].[/] [restartedMain] Initializing Spring embedded WebApplicationContext
2023-03-23 15:17:05,937 INFO org.springframework.boot.web.servlet.context.ServletWebServerApplicationContext [restartedMain] Root WebApplicationContext: initialization completed in 1693 ms
2023-03-23 15:17:06,110 INFO org.hibernate.jpa.internal.util.LogHelper [restartedMain] HHH000204: Processing PersistenceUnitInfo [name: default]
2023-03-23 15:17:06,175 INFO org.hibernate.Version [restartedMain] HHH000412: Hibernate ORM core version 6.1.5.Final
2023-03-23 15:17:06,370 WARN org.hibernate.orm.deprecation [restartedMain] HHH90000021: Encountered deprecated setting [javax.persistence.sharedCache.mode], use [jakarta.persistence.sharedCache.mode] instead
2023-03-23 15:17:06,561 INFO com.zaxxer.hikari.HikariDataSource [restartedMain] HikariPool-1 - Starting...
2023-03-23 15:17:06,954 INFO com.zaxxer.hikari.pool.HikariPool [restartedMain] HikariPool-1 - Added connection com.mysql.cj.jdbc.ConnectionImpl@7e44a41b
2023-03-23 15:17:06,958 INFO com.zaxxer.hikari.HikariDataSource [restartedMain] HikariPool-1 - Start completed.
2023-03-23 15:17:07,050 INFO SQL dialect [restartedMain] HHH000400: Using dialect: org.hibernate.dialect.MySQLDialect
2023-03-23 15:17:08,304 INFO org.hibernate.engine.transaction.jta.platform.internal.JtaPlatformInitiator [restartedMain] HHH000490: Using JtaPlatform implementation: [org.hibernate.engine.transaction.jta.platform.internal.NoJtaPlatform]
2023-03-23 15:17:08,320 INFO org.springframework.orm.jpa.LocalContainerEntityManagerFactoryBean [restartedMain] Initialized JPA EntityManagerFactory for persistence unit 'default'
2023-03-23 15:17:08,906 WARN org.springframework.boot.autoconfigure.orm.jpa.JpaBaseConfiguration$JpaWebConfiguration [restartedMain] spring.jpa.open-in-view is enabled by default. Therefore, database queries may be performed during view rendering. Explicitly configure spring.jpa.open-in-view to disable this warning
2023-03-23 15:17:09,308 INFO org.springframework.boot.devtools.autoconfigure.OptionalLiveReloadServer [restartedMain] LiveReload server is running on port 35729
2023-03-23 15:17:09,354 INFO org.springframework.boot.web.embedded.tomcat.TomcatWebServer [restartedMain] Tomcat started on port(s): 8080 (http) with context path ''
2023-03-23 15:17:09,366 INFO com.tcl.emp.TclSpringAppApplication [restartedMain] Started TclSpringAppApplication in 5.72 seconds (process running for 6.797)
2023-03-23 15:17:10,872 INFO org.springframework.boot.admin.SpringApplicationAdminMXBeanRegistrar$SpringApplicationAdmin [RMI TCP Connection(2)-127.0.0.1] Application shutdown requested.
2023-03-23 15:17:10,894 INFO org.apache.catalina.core.StandardService [RMI TCP Connection(2)-127.0.0.1] Stopping service [Tomcat]
2023-03-23 15:17:10,919 INFO org.springframework.orm.jpa.LocalContainerEntityManagerFactoryBean [RMI TCP Connection(2)-127.0.0.1] Closing JPA EntityManagerFactory for persistence unit 'default'
2023-03-23 15:17:10,923 INFO com.zaxxer.hikari.HikariDataSource [RMI TCP Connection(2)-127.0.0.1] HikariPool-1 - Shutdown initiated...
2023-03-23 15:17:10,935 INFO com.zaxxer.hikari.HikariDataSource [RMI TCP Connection(2)-127.0.0.1] HikariPool-1 - Shutdown completed.
2023-03-23 15:17:37,507 INFO com.tcl.emp.TclSpringAppApplication [restartedMain] Starting TclSpringAppApplication using Java 17.0.4 with PID 3388 (D:\Spring\Tcl-Spring-app\target\classes started by Dell in D:\Spring\Tcl-Spring-app)
2023-03-23 15:17:37,511 INFO com.tcl.emp.TclSpringAppApplication [restartedMain] No active profile set, falling back to 1 default profile: "default"
2023-03-23 15:17:37,582 INFO org.springframework.boot.devtools.env.DevToolsPropertyDefaultsPostProcessor [restartedMain] Devtools property defaults active! Set 'spring.devtools.add-properties' to 'false' to disable
2023-03-23 15:17:37,582 INFO org.springframework.boot.devtools.env.DevToolsPropertyDefaultsPostProcessor [restartedMain] For additional web related logging consider setting the 'logging.level.web' property to 'DEBUG'
2023-03-23 15:17:38,375 INFO org.springframework.data.repository.config.RepositoryConfigurationDelegate [restartedMain] Bootstrapping Spring Data JPA repositories in DEFAULT mode.
2023-03-23 15:17:38,469 INFO org.springframework.data.repository.config.RepositoryConfigurationDelegate [restartedMain] Finished Spring Data repository scanning in 84 ms. Found 4 JPA repository interfaces.
2023-03-23 15:17:39,143 INFO org.springframework.boot.web.embedded.tomcat.TomcatWebServer [restartedMain] Tomcat initialized with port(s): 8080 (http)
2023-03-23 15:17:39,154 INFO org.apache.catalina.core.StandardService [restartedMain] Starting service [Tomcat]
2023-03-23 15:17:39,155 INFO org.apache.catalina.core.StandardEngine [restartedMain] Starting Servlet engine: [Apache Tomcat/10.1.1]
2023-03-23 15:17:39,228 INFO org.apache.catalina.core.ContainerBase.[Tomcat].[localhost].[/] [restartedMain] Initializing Spring embedded WebApplicationContext
2023-03-23 15:17:39,228 INFO org.springframework.boot.web.servlet.context.ServletWebServerApplicationContext [restartedMain] Root WebApplicationContext: initialization completed in 1645 ms
2023-03-23 15:17:39,396 INFO org.hibernate.jpa.internal.util.LogHelper [restartedMain] HHH000204: Processing PersistenceUnitInfo [name: default]
2023-03-23 15:17:39,462 INFO org.hibernate.Version [restartedMain] HHH000412: Hibernate ORM core version 6.1.5.Final
2023-03-23 15:17:39,658 WARN org.hibernate.orm.deprecation [restartedMain] HHH90000021: Encountered deprecated setting [javax.persistence.sharedCache.mode], use [jakarta.persistence.sharedCache.mode] instead
2023-03-23 15:17:39,797 INFO com.zaxxer.hikari.HikariDataSource [restartedMain] HikariPool-1 - Starting...
2023-03-23 15:17:40,176 INFO com.zaxxer.hikari.pool.HikariPool [restartedMain] HikariPool-1 - Added connection com.mysql.cj.jdbc.ConnectionImpl@1226af0f
2023-03-23 15:17:40,179 INFO com.zaxxer.hikari.HikariDataSource [restartedMain] HikariPool-1 - Start completed.
2023-03-23 15:17:40,274 INFO SQL dialect [restartedMain] HHH000400: Using dialect: org.hibernate.dialect.MySQLDialect
2023-03-23 15:17:41,469 INFO org.hibernate.engine.transaction.jta.platform.internal.JtaPlatformInitiator [restartedMain] HHH000490: Using JtaPlatform implementation: [org.hibernate.engine.transaction.jta.platform.internal.NoJtaPlatform]
2023-03-23 15:17:41,481 INFO org.springframework.orm.jpa.LocalContainerEntityManagerFactoryBean [restartedMain] Initialized JPA EntityManagerFactory for persistence unit 'default'
2023-03-23 15:17:42,102 WARN org.springframework.boot.autoconfigure.orm.jpa.JpaBaseConfiguration$JpaWebConfiguration [restartedMain] spring.jpa.open-in-view is enabled by default. Therefore, database queries may be performed during view rendering. Explicitly configure spring.jpa.open-in-view to disable this warning
2023-03-23 15:17:42,525 INFO org.springframework.boot.devtools.autoconfigure.OptionalLiveReloadServer [restartedMain] LiveReload server is running on port 35729
2023-03-23 15:17:42,573 INFO org.springframework.boot.web.embedded.tomcat.TomcatWebServer [restartedMain] Tomcat started on port(s): 8080 (http) with context path ''
2023-03-23 15:17:42,587 INFO com.tcl.emp.TclSpringAppApplication [restartedMain] Started TclSpringAppApplication in 5.587 seconds (process running for 6.701)
2023-03-23 15:18:17,696 INFO org.apache.catalina.core.ContainerBase.[Tomcat].[localhost].[/] [http-nio-8080-exec-2] Initializing Spring DispatcherServlet 'dispatcherServlet'
2023-03-23 15:18:17,696 INFO org.springframework.web.servlet.DispatcherServlet [http-nio-8080-exec-2] Initializing Servlet 'dispatcherServlet'
2023-03-23 15:18:17,699 INFO org.springframework.web.servlet.DispatcherServlet [http-nio-8080-exec-2] Completed initialization in 2 ms
2023-03-23 15:18:17,999 DEBUG com.tcl.emp.controller.EmployeeController [http-nio-8080-exec-2] User Data is validating 259775
2023-03-23 15:22:22,274 INFO org.springframework.boot.admin.SpringApplicationAdminMXBeanRegistrar$SpringApplicationAdmin [RMI TCP Connection(9)-127.0.0.1] Application shutdown requested.
2023-03-23 15:22:22,290 INFO org.apache.catalina.core.StandardService [RMI TCP Connection(9)-127.0.0.1] Stopping service [Tomcat]
2023-03-23 15:22:22,292 INFO org.apache.catalina.core.ContainerBase.[Tomcat].[localhost].[/] [RMI TCP Connection(9)-127.0.0.1] Destroying Spring FrameworkServlet 'dispatcherServlet'
2023-03-23 15:22:22,302 INFO org.springframework.orm.jpa.LocalContainerEntityManagerFactoryBean [RMI TCP Connection(9)-127.0.0.1] Closing JPA EntityManagerFactory for persistence unit 'default'
2023-03-23 15:22:22,307 INFO com.zaxxer.hikari.HikariDataSource [RMI TCP Connection(9)-127.0.0.1] HikariPool-1 - Shutdown initiated...
2023-03-23 15:22:22,317 INFO com.zaxxer.hikari.HikariDataSource [RMI TCP Connection(9)-127.0.0.1] HikariPool-1 - Shutdown completed.
